Arguments: 
  /opt/homebrew/Cellar/node/19.1.0/bin/node /opt/homebrew/Cellar/yarn/1.22.19/libexec/bin/yarn.js add -D typescript @types/node eslint prettier

PATH: 
  /opt/homebrew/bin:/usr/local/bin:/System/Cryptexes/App/usr/bin:/usr/bin:/bin:/usr/sbin:/sbin:/opt/homebrew/bin:/Users/rodabreu/.local/share/zinit/polaris/bin:/Users/rodabreu/Library/Application Support/JetBrains/Toolbox/scripts:/Users/rodabreu/Library/Application Support/JetBrains/Toolbox/scripts

Yarn version: 
  1.22.19

Node version: 
  19.1.0

Platform: 
  darwin arm64

Trace: 
  Error: https://registry.yarnpkg.com/typescript: ETIMEDOUT
      at Timeout._onTimeout (/opt/homebrew/Cellar/yarn/1.22.19/libexec/lib/cli.js:141550:19)
      at listOnTimeout (node:internal/timers:564:17)
      at process.processTimers (node:internal/timers:507:7)

npm manifest: 
  {
    "name": "poc-ts-node-jest-eslint",
    "version": "1.0.0",
    "main": "index.js",
    "author": "Rodrigo Abreu <rodrigo.abreu@unicred.com.br>",
    "license": "MIT"
  }

yarn manifest: 
  No manifest

Lockfile: 
  No lockfile
